adiabatic 250 20.0 0.681612588837164
adiabatic 450 20.0 0.7902306369475587
adiabatic 650 20.0 0.8386777372731009
adiabatic 850 20.0 0.8660847420642146
adiabatic 1050 20.0 0.883708593560956
adiabatic 1250 20.0 0.8959930574347954
adiabatic 1450 20.0 0.9050450262676508
adiabatic 1650 20.0 0.9119918625483855
adiabatic 1850 20.0 0.917491351444994
adiabatic 2050 20.0 0.9219531043949809
adiabatic 2250 20.0 0.9256455034112011
adiabatic 2450 20.0 0.9287517349213893
adiabatic 2650 20.0 0.9314011081557897
adiabatic 2850 20.0 0.9336875049573
adiabatic 3050 20.0 0.9356807342837095
adiabatic 3250 20.0 0.9374337829761217
adiabatic 3450 20.0 0.938987594785694
adiabatic 3650 20.0 0.9403743078382308
adiabatic 3850 20.0 0.9416195010245437
adiabatic 4050 20.0 0.942743786107484
adiabatic 4250 20.0 0.9437639575743645
adiabatic 4450 20.0 0.9446938372096326
adiabatic 4650 20.0 0.9455449039392816
adiabatic 4850 20.0 0.9463267700492175
adiabatic 250 21.0 0.6663257949349146
adiabatic 450 21.0 0.7814504793627228
adiabatic 650 21.0 0.8333656371088853
adiabatic 850 21.0 0.8628896790467863
adiabatic 1050 21.0 0.8819341546348501
adiabatic 1250 21.0 0.8952363293842052
adiabatic 1450 21.0 0.9050526225953086
adiabatic 1650 21.0 0.9125943346239438
adiabatic 1850 21.0 0.9185698723963482
adiabatic 2050 21.0 0.9234211650546105
adiabatic 2250 21.0 0.9274381829000414
adiabatic 2450 21.0 0.9308190771115251
adiabatic 2650 21.0 0.9337037949007023
adiabatic 2850 21.0 0.9361941953703322
adiabatic 3050 21.0 0.9383659075215262
adiabatic 3250 21.0 0.9402764225477965
adiabatic 3450 21.0 0.9419701879895442
adiabatic 3650 21.0 0.9434821083043852
adiabatic 3850 21.0 0.9448399754658192
adiabatic 4050 21.0 0.9460661927402004
adiabatic 4250 21.0 0.9471790203271069
adiabatic 4450 21.0 0.9481934907453948
adiabatic 4650 21.0 0.9491220917959513
adiabatic 4850 21.0 0.9499752831543006
adiabatic 250 22.0 0.6502762906987053
adiabatic 450 22.0 0.7717032345179802
adiabatic 650 22.0 0.8270710124273248
adiabatic 850 22.0 0.858728134666089
adiabatic 1050 22.0 0.8792137044862576
adiabatic 1250 22.0 0.8935528346726838
adiabatic 1450 22.0 0.9041503412686702
adiabatic 1650 22.0 0.9123014718256403
adiabatic 1850 22.0 0.9187655607095283
adiabatic 2050 22.0 0.9240171865206811
adiabatic 2250 22.0 0.9283682003168665
adiabatic 2450 22.0 0.9320319602216273
adiabatic 2650 22.0 0.9351593674872407
adiabatic 2850 22.0 0.9378601606637006
adiabatic 3050 22.0 0.9402160542596412
adiabatic 3250 22.0 0.9422891471607147
adiabatic 3450 22.0 0.9441274750931922
adiabatic 3650 22.0 0.9457687781693098
adiabatic 3850 22.0 0.9472431188693076
adiabatic 4050 22.0 0.9485747398623344
adiabatic 4250 22.0 0.9497834072812331
adiabatic 4450 22.0 0.9508853983725318
adiabatic 4650 22.0 0.9518942387187298
adiabatic 4850 22.0 0.9528212601089011
adiabatic 250 23.0 0.6336068067542394
adiabatic 450 23.0 0.7610836127210233
adiabatic 650 23.0 0.8198614388495075
adiabatic 850 23.0 0.8536515604622883
adiabatic 1050 23.0 0.8755884506921978
adiabatic 1250 23.0 0.8909765811306666
adiabatic 1450 23.0 0.902366903714552
adiabatic 1650 23.0 0.9111379689837837
adiabatic 1850 23.0 0.9180999251302169
adiabatic 2050 23.0 0.9237601352633802
adiabatic 2250 23.0 0.9284524316921531
adiabatic 2450 23.0 0.9324055118688207
adiabatic 2650 23.0 0.935781290324232
adiabatic 2850 23.0 0.9386976155184493
adiabatic 3050 23.0 0.9412423050623262
adiabatic 3250 23.0 0.9434821380572928
adiabatic 3450 23.0 0.9454687992215792
adiabatic 3650 23.0 0.9472429153019708
adiabatic 3850 23.0 0.948836862156624
adiabatic 4050 23.0 0.9502767578167441
adiabatic 4250 23.0 0.9515839053288969
adiabatic 4450 23.0 0.9527758529488713
adiabatic 4650 23.0 0.9538671865239104
adiabatic 4850 23.0 0.9548701293213747
adiabatic 250 24.0 0.6164571624043196
adiabatic 450 24.0 0.749708991997114
adiabatic 650 24.0 0.8118419199976904
adiabatic 850 24.0 0.8477584448856831
adiabatic 1050 24.0 0.8711530031808878
adiabatic 1250 24.0 0.8875998102003223
adiabatic 1450 24.0 0.8997930426827103
adiabatic 1650 24.0 0.9091935106616973
adiabatic 1850 24.0 0.9166619759196718
adiabatic 2050 24.0 0.9227384544454812
adiabatic 2250 24.0 0.9277788893471725
adiabatic 2450 24.0 0.9320274100413768
adiabatic 2650 24.0 0.9356570371355343
adiabatic 2850 24.0 0.938793813481933
adiabatic 3050 24.0 0.9415317336647251
adiabatic 3250 24.0 0.9439423205697599
adiabatic 3450 24.0 0.9460809618225567
adiabatic 3650 24.0 0.9479912166968387
adiabatic 3850 24.0 0.9497078134483968
adiabatic 4050 24.0 0.9512587793414916
adiabatic 4250 24.0 0.9526669823549561
adiabatic 4450 24.0 0.9539512660883751
adiabatic 4650 24.0 0.9551272977153026
adiabatic 4850 24.0 0.9562082102046605
adiabatic 250 25.0 0.5989611277933906
adiabatic 450 25.0 0.737702744900296
adiabatic 650 25.0 0.8031309405724711
adiabatic 850 25.0 0.8411654494271315
adiabatic 1050 25.0 0.8660235398928938
adiabatic 1250 25.0 0.8835389184581033
adiabatic 1450 25.0 0.8965454073634574
adiabatic 1650 25.0 0.9065851305329011
adiabatic 1850 25.0 0.9145690619902175
adiabatic 2050 25.0 0.9210698972145346
adiabatic 2250 25.0 0.9264657136841737
adiabatic 2450 25.0 0.9310161735773088
adiabatic 2650 25.0 0.9349054660429338
adiabatic 2850 25.0 0.9382679270448636
adiabatic 3050 25.0 0.9412038032577567
adiabatic 3250 25.0 0.9437894264101557
adiabatic 3450 25.0 0.9460839429380417
adiabatic 3650 25.0 0.9481338923806416
adiabatic 3850 25.0 0.9499763962955495
adiabatic 4050 25.0 0.951641425609592
adiabatic 4250 25.0 0.9531534433069396
adiabatic 4450 25.0 0.9545326140931705
adiabatic 4650 25.0 0.9557957086669607
adiabatic 4850 25.0 0.956956788939452
adiabatic 250 26.0 0.5812439921401882
adiabatic 450 26.0 0.7251891689220182
adiabatic 650 26.0 0.7938493478793835
adiabatic 850 26.0 0.8339920710391368
adiabatic 1050 26.0 0.8603191898776419
adiabatic 1250 26.0 0.8789129451976413
adiabatic 1450 26.0 0.892743343773189
adiabatic 1650 26.0 0.9034325199056392
adiabatic 1850 26.0 0.9119412958192558
adiabatic 2050 26.0 0.9188749595103196
adiabatic 2250 26.0 0.9246337654438206
adiabatic 2450 26.0 0.9294929617820642
adiabatic 2650 26.0 0.9336480528616526
adiabatic 2850 26.0 0.9372417787381507
adiabatic 3050 26.0 0.9403806063393004
adiabatic 3250 26.0 0.9431457975364309
adiabatic 3450 26.0 0.9456003151789305
adiabatic 3650 26.0 0.9477937285038504
adiabatic 3850 26.0 0.9497655945194571
adiabatic 4050 26.0 0.9515478642697954
adiabatic 4250 26.0 0.9531666269926251
adiabatic 4450 26.0 0.9546433953884021
adiabatic 4650 26.0 0.9559960669364658
adiabatic 4850 26.0 0.9572396526755587
adiabatic 250 27.0 0.5634172713238264
adiabatic 450 27.0 0.712277963278616
adiabatic 650 27.0 0.7841030210833209
adiabatic 850 27.0 0.8263415346275624
adiabatic 1050 27.0 0.8541416080013483
adiabatic 1250 27.0 0.8738226502038118
adiabatic 1450 27.0 0.8884870218429685
adiabatic 1650 27.0 0.8998354941040331
adiabatic 1850 27.0 0.9088782636055197
adiabatic 2050 27.0 0.9162530860789885
adiabatic 2250 27.0 0.9223824049569415
adiabatic 2450 27.0 0.9275571314411414
adiabatic 2650 27.0 0.9319841340185069
adiabatic 2850 27.0 0.9358145405017115
adiabatic 3050 27.0 0.9391613256553817
adiabatic 3250 27.0 0.942110635409347
adiabatic 3450 27.0 0.9447293039971503
adiabatic 3650 27.0 0.9470699779101401
adiabatic 3850 27.0 0.9491746907155255
adiabatic 4050 27.0 0.9510774089099859
adiabatic 4250 27.0 0.9528058785113158
adiabatic 4450 27.0 0.9543829866446104
adiabatic 4650 27.0 0.9558277805014279
adiabatic 4850 27.0 0.9571562402070786
adiabatic 250 28.0 0.5455634784869112
adiabatic 450 28.0 0.6990480510216552
adiabatic 650 28.0 0.7739632990514695
adiabatic 850 28.0 0.8182800901157438
adiabatic 1050 28.0 0.8475536452035104
adiabatic 1250 28.0 0.8683285348996036
adiabatic 1450 28.0 0.8838349364998408
adiabatic 1650 28.0 0.8958512735899521
adiabatic 1850 28.0 0.9054362121728886
adiabatic 2050 28.0 0.9132597613301661
adiabatic 2250 28.0 0.919766506944515
adiabatic 2450 28.0 0.9252630464865427
adiabatic 2650 28.0 0.9299676626176023
adiabatic 2850 28.0 0.9340403765346981
adiabatic 3050 28.0 0.9375998281140484
adiabatic 3250 28.0 0.9407375518839242
adiabatic 3450 28.0 0.9435243003646271
adiabatic 3650 28.0 0.9460158386935854
adiabatic 3850 28.0 0.9482567132234612
adiabatic 4050 28.0 0.9502829374923277
adiabatic 4250 28.0 0.9521239418160445
adiabatic 4450 28.0 0.9538040117305363
adiabatic 4650 28.0 0.9553433650794433
adiabatic 4850 28.0 0.9567589693961043
adiabatic 250 29.0 0.5277405393419868
adiabatic 450 29.0 0.6855486007586142
adiabatic 650 29.0 0.7634692183686128
adiabatic 850 29.0 0.809840414697578
adiabatic 1050 29.0 0.8405829749900899
adiabatic 1250 29.0 0.8624548566688287
adiabatic 1450 29.0 0.8788096897605563
adiabatic 1650 29.0 0.8915005667050739
adiabatic 1850 29.0 0.9016343736528455
adiabatic 2050 29.0 0.9099130392629623
adiabatic 2250 29.0 0.9168031662994273
adiabatic 2450 29.0 0.9226270077479767
adiabatic 2650 29.0 0.9276142724544372
adiabatic 2850 29.0 0.9319331166722293
adiabatic 3050 29.0 0.9357094644201842
adiabatic 3250 29.0 0.9390394812599614
adiabatic 3450 29.0 0.9419978736251124
adiabatic 3650 29.0 0.9446435579265279
adiabatic 3850 29.0 0.9470236226020021
adiabatic 4050 29.0 0.9491761543113385
adiabatic 4250 29.0 0.9511322907439178
adiabatic 4450 29.0 0.9529177361870333
adiabatic 4650 29.0 0.9545538970800297
adiabatic 4850 29.0 0.9560587440729799
adiabatic 250 30.0 0.5099926753410813
adiabatic 450 30.0 0.671816340174037
adiabatic 650 30.0 0.7526491488586089
adiabatic 850 30.0 0.8010418188335214
adiabatic 1050 30.0 0.8332446762907401
adiabatic 1250 30.0 0.8562134266497133
adiabatic 1450 30.0 0.8734201064918005
adiabatic 1650 30.0 0.8867905428934381
adiabatic 1850 30.0 0.8974786274972631
adiabatic 2050 30.0 0.9062178005903133
adiabatic 2250 30.0 0.9134964597212767
adiabatic 2450 30.0 0.9196524329863913
adiabatic 2650 30.0 0.9249268330497801
adiabatic 2850 30.0 0.9294963510391103
adiabatic 3050 30.0 0.9334934224314871
adiabatic 3250 30.0 0.9370192649772852
adiabatic 3450 30.0 0.9401525642628311
adiabatic 3650 30.0 0.9429554125190973
adiabatic 3850 30.0 0.9454774632783608
adiabatic 4050 30.0 0.9477588973523857
adiabatic 4250 30.0 0.949832578817423
adiabatic 4450 30.0 0.9517256478297152
adiabatic 4650 30.0 0.9534607129121666
adiabatic 4850 30.0 0.9550567653615735
adiabatic 250 31.0 0.49235804378135856
adiabatic 450 31.0 0.6578872519358516
adiabatic 650 31.0 0.7415330400076976
adiabatic 850 31.0 0.7919145713483076
adiabatic 1050 31.0 0.8255674682613569
adiabatic 1250 31.0 0.8496322078701827
adiabatic 1450 31.0 0.8676937759833443
adiabatic 1650 31.0 0.8817484876361755
adiabatic 1850 31.0 0.8929959768849153
adiabatic 2050 31.0 0.9022009690504732
adiabatic 2250 31.0 0.9098732641462274
adiabatic 2450 31.0 0.9163662136711693
adiabatic 2650 31.0 0.9219322859550594
adiabatic 2850 31.0 0.926756681650632
adiabatic 3050 31.0 0.9309783705671439
adiabatic 3250 31.0 0.934703642704834
adiabatic 3450 31.0 0.9380151853530505
adiabatic 3650 31.0 0.9409782893802918
adiabatic 3850 31.0 0.943645195258179
adiabatic 4050 31.0 0.946058198241643
adiabatic 4250 31.0 0.948251907345689
adiabatic 4450 31.0 0.950254915519426
adiabatic 4650 31.0 0.9520910521304198
adiabatic 4850 31.0 0.9537803059443106
adiabatic 250 32.0 0.47487431856602835
adiabatic 450 32.0 0.6437986158531718
adiabatic 650 32.0 0.7301551573422745
adiabatic 850 32.0 0.782488797135673
adiabatic 1050 32.0 0.817579606440259
adiabatic 1250 32.0 0.8427386132719009
adiabatic 1450 32.0 0.8616575145904464
adiabatic 1650 32.0 0.8764008057780773
adiabatic 1850 32.0 0.8882130149291009
adiabatic 2050 32.0 0.8978889787130163
adiabatic 2250 32.0 0.905960000489411
adiabatic 2450 32.0 0.9127947314796272
adiabatic 2650 32.0 0.9186569685519596
adiabatic 2850 32.0 0.9237404527578493
adiabatic 3050 32.0 0.9281906740005392
adiabatic 3250 32.0 0.9321190099236855
adiabatic 3450 32.0 0.9356121688869035
adiabatic 3650 32.0 0.93873866099449
adiabatic 3850 32.0 0.9415533339327987
adiabatic 4050 32.0 0.9441006166892572
adiabatic 4250 32.0 0.9464168810893401
adiabatic 4450 32.0 0.9485321888926316
adiabatic 4650 32.0 0.9504716031212515
adiabatic 4850 32.0 0.9522561858718521
adiabatic 250 33.0 0.45758119421690724
adiabatic 450 33.0 0.6295931958764661
adiabatic 650 33.0 0.7185544744379031
adiabatic 850 33.0 0.7728007866220942
adiabatic 1050 33.0 0.8093161667849231
adiabatic 1250 33.0 0.8355661039309086
adiabatic 1450 33.0 0.8553438989926614
adiabatic 1650 33.0 0.8707794643622512
adiabatic 1850 33.0 0.8831608562219003
adiabatic 2050 33.0 0.893312655197863
adiabatic 2250 33.0 0.9017872092112497
adiabatic 2450 33.0 0.9089683708329201
adiabatic 2650 33.0 0.9151311943577157
adiabatic 2850 33.0 0.9204778994519107
adiabatic 3050 33.0 0.9251605117675435
adiabatic 3250 33.0 0.9292955062899941
adiabatic 3450 33.0 0.9329736277568317
adiabatic 3650 33.0 0.9362666230658665
adiabatic 3850 33.0 0.9392319651313089
adiabatic 4050 33.0 0.9419162341222477
adiabatic 4250 33.0 0.9443575811123275
adiabatic 4450 33.0 0.9465875520620639
adiabatic 4650 33.0 0.9486324578489952
adiabatic 4850 33.0 0.9505144168970289
adiabatic 250 34.0 0.44051836149057194
adiabatic 450 34.0 0.6153175743440168
adiabatic 650 34.0 0.7067787276026147
adiabatic 850 34.0 0.7628968601374436
adiabatic 1050 34.0 0.8008203436392246
adiabatic 1250 34.0 0.8281570806627083
adiabatic 1450 34.0 0.8487947178479776
adiabatic 1650 34.0 0.8649258474358098
adiabatic 1850 34.0 0.8778806862529736
adiabatic 2050 34.0 0.8885132241931568
adiabatic 2250 34.0 0.8973960314470744
adiabatic 2450 34.0 0.9049281924547664
adiabatic 2650 34.0 0.9113959391561063
adiabatic 2850 34.0 0.9170099673303611
adiabatic 3050 34.0 0.9219288154604129
adiabatic 3250 34.0 0.9262740610576472
adiabatic 3450 34.0 0.9301404973263836
adiabatic 3650 34.0 0.9336031231902883
adiabatic 3850 34.0 0.9367220531022841
adiabatic 4050 34.0 0.939546034621334
adiabatic 4250 34.0 0.9421150135914289
adiabatic 4450 34.0 0.9444620347179419
adiabatic 4650 34.0 0.946614670051699
adiabatic 4850 34.0 0.9485961068039143
adiabatic 250 35.0 0.4237219605508762
adiabatic 450 35.0 0.601016408741693
adiabatic 650 35.0 0.6948714342970215
adiabatic 850 35.0 0.7528196140885175
adiabatic 1050 35.0 0.7921356949503745
adiabatic 1250 35.0 0.8205544703427018
adiabatic 1450 35.0 0.8420524429297157
adiabatic 1650 35.0 0.8588820962353265
adiabatic 1850 35.0 0.8724143659944524
adiabatic 2050 35.0 0.8835317101573645
adiabatic 2250 35.0 0.8928274186219464
adiabatic 2450 35.0 0.9007150809967746
adiabatic 2650 35.0 0.907492071906902
adiabatic 2850 35.0 0.9133775067995492
adiabatic 3050 35.0 0.9185364305189238
adiabatic 3250 35.0 0.9230955246989442
adiabatic 3450 35.0 0.9271536402427416
adiabatic 3650 35.0 0.9307890412293747
adiabatic 3850 35.0 0.934064498396687
adiabatic 4050 35.0 0.9370309419413492
adiabatic 4250 35.0 0.9397301271431866
adiabatic 4450 35.0 0.9421966113340785
adiabatic 4650 35.0 0.9444592407144387
adiabatic 4850 35.0 0.9465422832462383
adiabatic 250 36.0 0.40722269794293975
adiabatic 450 36.0 0.586725913117602
adiabatic 650 36.0 0.6828673980175543
adiabatic 850 36.0 0.7426013316948642
adiabatic 1050 36.0 0.783291668876483
adiabatic 1250 36.0 0.8127861441224978
adiabatic 1450 36.0 0.8351437826655906
adiabatic 1650 36.0 0.8526740624396164
adiabatic 1850 36.0 0.8667874251548687
adiabatic 2050 36.0 0.8783938037119546
adiabatic 2250 36.0 0.888106480187937
adiabatic 2450 36.0 0.896353719009355
adiabatic 2650 36.0 0.903444029394627
adiabatic 2850 36.0 0.909604761067839
adiabatic 3050 36.0 0.9150074323617916
adiabatic 3250 36.0 0.9197838315460193
adiabatic 3450 36.0 0.9240368777414908
adiabatic 3650 36.0 0.9278480970684401
adiabatic 3850 36.0 0.9312829391485953
adiabatic 4050 36.0 0.9343945358959921
adiabatic 4250 36.0 0.9372264382630356
adiabatic 4450 36.0 0.9398147435678214
adiabatic 4650 36.0 0.9421895840849104
adiabatic 4850 36.0 0.9443763192810332
adiabatic 250 37.0 0.3910432765727852
adiabatic 450 37.0 0.5724736918229922
adiabatic 650 37.0 0.6707899031887719
adiabatic 850 37.0 0.7322615504954788
adiabatic 1050 37.0 0.7743057902893772
adiabatic 1250 37.0 0.8048672319667787
adiabatic 1450 37.0 0.828081842330652
adiabatic 1650 37.0 0.8463133829124005
adiabatic 1850 37.0 0.8610099851316182
adiabatic 2050 37.0 0.8731084797510575
adiabatic 2250 37.0 0.8832416361841843
adiabatic 2450 37.0 0.8918522286549788
adiabatic 2650 37.0 0.8992593502263191
adiabatic 2850 37.0 0.90569869812642
adiabatic 3050 37.0 0.9113483864699158
adiabatic 3250 37.0 0.9163452028325377
adiabatic 3450 37.0 0.9207961146750068
adiabatic 3650 37.0 0.9247859246140544
adiabatic 3850 37.0 0.9283827653449354
adiabatic 4050 37.0 0.9316419543433718
adiabatic 4250 37.0 0.9346088999014005
adiabatic 4450 37.0 0.9373212183181682
adiabatic 4650 37.0 0.9398103363592082
adiabatic 4850 37.0 0.9421027139088739
adiabatic 250 38.0 0.37520091188425503
adiabatic 450 38.0 0.5582796953868727
adiabatic 650 38.0 0.6586574636702015
adiabatic 850 38.0 0.72181491631386
adiabatic 1050 38.0 0.765187468924505
adiabatic 1250 38.0 0.7968050188942103
adiabatic 1450 38.0 0.8208725711311844
adiabatic 1650 38.0 0.8398045698426964
adiabatic 1850 38.0 0.8550855187793692
adiabatic 2050 38.0 0.867678265255001
adiabatic 2250 38.0 0.8782345684487172
adiabatic 2450 38.0 0.88721169475207
adiabatic 2650 38.0 0.8949386283585454
adiabatic 2850 38.0 0.9016597283091867
adiabatic 3050 38.0 0.9075593230288135
adiabatic 3250 38.0 0.9127793473538425
adiabatic 3450 38.0 0.9174307823258387
adiabatic 3650 38.0 0.9216017202962148
adiabatic 3850 38.0 0.9253629557794302
adiabatic 4050 38.0 0.9287720177630615
adiabatic 4250 38.0 0.9318761609297632
adiabatic 4450 38.0 0.9347145204294207
adiabatic 4650 38.0 0.9373198347578351
adiabatic 4850 38.0 0.9397196707285852
adiabatic 250 39.0 0.3597085066757831
adiabatic 450 39.0 0.5441594731652779
adiabatic 650 39.0 0.6464821977746225
adiabatic 850 39.0 0.711270975149751
adiabatic 1050 39.0 0.7559456565244227
adiabatic 1250 39.0 0.7886057885119724
adiabatic 1450 39.0 0.8135201612378825
adiabatic 1650 39.0 0.8331508176920199
adiabatic 1850 39.0 0.8490162525396178
adiabatic 2050 39.0 0.8621046093128588
adiabatic 2250 39.0 0.8730860866007328
adiabatic 2450 39.0 0.8824313259419825
adiabatic 2650 39.0 0.8904806006396911
adiabatic 2850 39.0 0.8974859280962856
adiabatic 3050 39.0 0.903637985149852
adiabatic 3250 39.0 0.9090837054097031
adiabatic 3450 39.0 0.9139380736744087
adiabatic 3650 39.0 0.91829245037636
adiabatic 3850 39.0 0.922220287545856
adiabatic 4050 39.0 0.9257813234023279
adiabatic 4250 39.0 0.9290246398256935
adiabatic 4450 39.0 0.9319909367523243
adiabatic 4650 39.0 0.9347142478516572
adiabatic 4850 39.0 0.9372232517504403

