adiabatic 20 650 0.4819658796288164
adiabatic 25 4350 0.6786409310911794
adiabatic 20 3850 0.614430943149526

adiabatic 25 2150 0.6324060437482724
adiabatic 40 4050 0.7268887312940173
adiabatic 20 850 0.5154470134654978

adiabatic 25 4550 0.6807198333530585
diabatic 40 3650 0.7124764740249521

adiabatic 20 3450 0.6108201818274607
adiabatic 20 3650 0.6127212892233279
adiabatic 40 3350 0.6997165850063991
adiabatic 25 4950 0.6843924378118091
adiabatic 40 3450 0.7041819606525731
diabatic 30 1250 0.5642323412056026

adiabatic 35 4650 0.7398462022469183
adiabatic 30 450 0.3303892125825466

adiabatic 35 4350 0.7335236680490307
adiabatic 30 2750 0.6759573316165423
adiabatic 30 1750 0.6195337106974453
adiabatic 30 1050 0.5308276733377593
adiabatic 30 2250 0.6532683474047632
adiabatic 30 2950 0.6830788538491418
adiabatic 30 550 0.38185958831988326
adiabatic 30 650 0.42344335562236385
adiabatic 30 3150 0.6893735031596803
adiabatic 30 1550 0.600966844071966
adiabatic 30 4550 0.7188994121721678
adiabatic 30 2650 0.6720341352243558
adiabatic 30 4950 0.724437043531423
adiabatic 30 250 0.1837518911964567
33
adiabatic 35 3750 0.7181050545529254
adiabatic 30 4650 0.7203679456445307
adiabatic 30 4750 0.7217781727884517
adiabatic 40 3150 0.6900607197693852
adiabatic 35 250 0.12747950088635557
adiabatic 30 3050 0.6863203102412753
adiabatic 25 3750 0.6711391998468398
adiabatic 35 4050 0.7263292258209768
adiabatic 40 2950 0.679300888995192

adiabatic 35 3950 0.7237138152992185
adiabatic 20 1250 0.5534648684567067
adiabatic 30 950 0.5101982942678376

adiabatic 25 3350 0.6647251213168992
adiabatic 25 3450 0.6664625383856689
diabatic 35 3550 0.7119325080843434
adiabatic 25 1850 0.6184308625209681
adiabatic 45 850 0.33023659888208545
adiabatic 25 1650 0.6066086075345882
diabatic 35 750 0.406924554695603
adiabatic 35 650 0.36811545186863387
adiabatic 25 1750 0.6128212658514562
adiabatic 35 4950 0.7454668773466182
adiabatic 40 250 0.08431065634760486
diabatic 35 1050 0.4936468964628899
adiabatic 40 450 0.20917785056647317
adiabatic 20 1450 0.565277246563073
adiabatic 20 1650 0.5744387476493124
adiabatic 20 4850 0.6209151199814317
adiabatic 40 750 0.35014249689724053
adiabatic 40 550 0.2625423420664019
adiabatic 45 950 0.3630798704491894
adiabatic 20 350 0.38094000863980376
adiabatic 45 650 0.25307017046269914
adiabatic 35 2550 0.6685495106381956
adiabatic 35 2150 0.641736563031348
adiabatic 35 1750 0.6050605728011972
adiabatic 35 2350 0.6561058720467663
adiabatic 35 1250 0.5348188311282585
adiabatic 35 2950 0.6889937243462063
adiabatic 35 1550 0.5811870564325456
adiabatic 35 2050 0.6336759380671523
adiabatic 35 1150 0.5155034741095983
adiabatic 35 1650 0.5936948561481806
adiabatic 35 2450 0.6625444317702818
adiabatic 35 1950 0.624937882194636
adiabatic 35 2750 0.679422278067489
adiabatic 45 750 0.29370848976158437
adiabatic 35 2650 0.6741631769852001
adiabatic 35 1850 0.6154328923392022
adiabatic 35 1350 0.5519929324847707

adiabatic 45 4250 0.7234767077128395
adiabatic 40 1050 0.4454485280143604
adiabatic 40 950 0.41751499576634593
adiabatic 35 1450 0.5673594420011702
adiabatic 40 1750 0.5756934401484923
adiabatic 40 1950 0.5998021754999672
adiabatic 40 1850 0.5882402220893133
adiabatic 45 4050 0.7157496082480529
adiabatic 45 4150 0.7196930494329118
adiabatic 30 3550 0.6999963202014048
adiabatic 30 3350 0.6949768316451084
adiabatic 30 3950 0.7086331399172965
adiabatic 30 3450 0.6975537309209606
adiabatic 30 3750 0.7045335379979998
adiabatic 30 4250 0.7141054980160275
adiabatic 30 4150 0.7123635367459071
adiabatic 45 4850 0.7433042482707323
adiabatic 30 3650 0.7023147795690219
adiabatic 30 3850 0.7066328254288354
adiabatic 30 3250 0.6922542993311451
adiabatic 30 1950 0.6348218598650897
adiabatic 35 3250 0.7014037280676603
adiabatic 35 3050 0.6933694389731426
adiabatic 35 3650 0.7150941487455034
adiabatic 35 3150 0.6974994278040009
adiabatic 55 1950 0.47832443197404284
adiabatic 55 1850 0.46255556023049726
adiabatic 65 3250 0.5450562146284477
adiabatic 65 3150 0.5359775502158171
adiabatic 65 3350 0.5537690312025627
adiabatic 45 250 0.0534659524010944
adiabatic 55 1550 0.4085941423488278
adiabatic 65 3050 0.5264987439498109
adiabatic 40 1550 0.5470784894951459
adiabatic 40 1650 0.5620199646808971

adiabatic 40 1450 0.5306639350517578
adiabatic 40 4950 0.7516298085460406
adiabatic 40 4850 0.7492897486553014
adiabatic 40 4750 0.7468609450647716
adiabatic 50 4050 0.6960469284689552
adiabatic 50 4450 0.7135886093799584
adiabatic 60 650 0.12330921748303161
adiabatic 50 4250 0.7051624286860088
adiabatic 60 1150 0.26998622966173524
adiabatic 60 1050 0.24355299622115464
iabatic 50 4350 0.7094567342915182
adiabatic 50 4850 0.7286565454586873
adiabatic 50 4650 0.72139326275241
adiabatic 50 4750 0.7251092601987884
aadiabatic 55 1250 0.3423062918718859
adiabatic 50 4150 0.700695844946684
adiabatic 55 1450 0.38803298914481904
adiabatic 55 1350 0.36598209357973227
adiabatic 45 1350 0.46568458800550716
adiabatic 45 1250 0.44364082623431256
adiabatic 45 1150 0.41940539357332735
adiabatic 55 350 0.04874543434174822
adiabatic 55 450 0.08459870941429073
adiabatic 60 3750 0.6203795921285821
adiabatic 60 4650 0.6720165050555028
adiabatic 60 3850 0.6270188073397108
adiabatic 60 4550 0.6670666305961642
adiabatic 60 4750 0.6768054619500696
adiabatic 60 3650 0.6134929592481366
adiabatic 60 4350 0.6566351131939393
adiabatic 55 650 0.15938700792663954
adiabatic 55 1050 0.2895186324362762
adiabatic 55 950 0.26014088610694996
adiabatic 55 1150 0.31686499936729595
adiabatic 55 850 0.22864152196811233
adiabatic 60 3450 0.5988457710523116
adiabatic 60 3050 0.565530168704281

adiabatic 60 2450 0.5024530778345306
adiabatic 60 2350 0.4899787698964316
adiabatic 60 4850 0.6814327932961933
adiabatic 60 2750 0.5363067478514704
adiabatic 60 2650 0.5255757414275313
adiabatic 60 2950 0.5562399109118796
adiabatic 60 2850 0.5465061723093766
adiabatic 45 2150 0.5883889870102333
adiabatic 60 2550 0.514304365193958
adiabatic 60 3350 0.5910489436054209
adiabatic 60 3150 0.5744169373706545
adiabatic 60 350 0.03173958376050288
adiabatic 60 250 0.010834752376450024
adiabatic 60 450 0.05976144090373035
adiabatic 55 750 0.19500852020090645
adiabatic 55 3650 0.6465079213504145
adiabatic 60 1950 0.43284583253997017
adiabatic 60 1850 0.41646202246828284
adiabatic 60 1550 0.36115485996613517
adiabatic 55 4550 0.6946301860797872

adiabatic 60 2250 0.4768344342875089
adiabatic 60 1650 0.3806950017087699
adiabatic 60 2050 0.44832618686450876
adiabatic 55 3350 0.6261087547326564

diabatic 40 4550 0.7417162940627747
adiabatic 55 3950 0.6644806178578113
adiabatic 60 2150 0.46296883703620517
adiabatic 55 4650 0.6990383249439893
adiabatic 55 4050 0.6699996176246035
adiabatic 55 4750 0.7033006070625439
adiabatic 55 3750 0.6527497799783644
adiabatic 55 4950 0.711395195011821
adiabatic 55 4850 0.7074176501510024
adiabatic 55 4450 0.690061960381109
adiabatic 55 4150 0.6753082766242251
adiabatic 60 1750 0.39910378244109546
adiabatic 55 4250 0.6804182694378681
adiabatic 45 2050 0.5768589604938148
adiabatic 55 2350 0.5326008037501729
adiabatic 55 2450 0.5443115290615524
adiabatic 55 2550 0.5553714400371856
adiabatic 55 2050 0.4931379984421675
adiabatic 55 2850 0.5852330790402424
adiabatic 55 2150 0.5070754294332909
adiabatic 55 2650 0.5658524749897598
adiabatic 55 3250 0.6186863399211056
adiabatic 55 2250 0.5202081933711745
adiabatic 55 3150 0.6109114547264614
adiabatic 55 2950 0.594208703737206
adiabatic 55 3050 0.6027602981313258
adiabatic 55 2750 0.5757909859160658
adiabatic 65 2050 0.40397638205567116
adiabatic 40 4350 0.7361498445383872
adiabatic 60 4050 0.6395237850476987
adiabatic 60 4250 0.6511310007872658
adiabatic 60 4150 0.6454350500244684
adiabatic 40 4450 0.7389889582866531
adiabatic 40 2150 0.620379824357341
adiabatic 40 4650 0.74433830043096
adiabatic 40 4250 0.7331919649532324
adiabatic 45 3350 0.6827009739757098
adiabatic 45 3250 0.6770251165329703
adiabatic 45 3550 0.6932609477453138
adiabatic 45 3450 0.6881062909519068
adiabatic 45 4950 0.7462196611441108
adiabatic 45 4750 0.7403041717043833
adiabatic 45 1650 0.5211466862625257
adiabatic 45 1050 0.3926698139635979
adiabatic 45 4350 0.7271099473169834
adiabatic 45 4450 0.730601541562275
adiabatic 45 2750 0.6436886126651812
adiabatic 45 1850 0.551145207782965
adiabatic 45 1950 0.5644820719234033
adiabatic 65 4550 0.636256276727081
adiabatic 50 850 0.27703612740542627
adiabatic 50 950 0.30976065397723873
adiabatic 45 1550 0.5042246881872556
adiabatic 45 1450 0.4858029021680554
adiabatic 65 4350 0.6248273122449278
adiabatic 65 4950 0.6569702102426794
adiabatic 45 3150 0.6710509996934368
adiabatic 50 250 0.03259017549692218
adiabatic 45 3950 0.7116510713126972
adiabatic 45 3650 0.698178389406234
adiabatic 45 2850 0.6510997091030636
adiabatic 45 4650 0.7371914170491614
adiabatic 45 4550 0.7339595266106826
adiabatic 45 3750 0.7028746889841722
adiabatic 45 3050 0.6647446954668772
adiabatic 45 2950 0.6581075103511123
adiabatic 65 4750 0.6469480207804192
adiabatic 65 2850 0.5062520586089957
adiabatic 50 2150 0.5496683125159557
adiabatic 50 3050 0.6365459316858554
adiabatic 50 2450 0.5837712376675365
adiabatic 50 3950 0.6912172090197288
adiabatic 50 2550 0.593831294701947
adiabatic 50 3150 0.6438205905646407
adiabatic 50 3850 0.6861693811448704
adiabatic 50 1650 0.47536615814492605
adiabatic 50 3550 0.6696478414744913
adiabatic 50 1750 0.49238742465921104
adiabatic 50 3250 0.6507490144774727
adiabatic 45 2350 0.6092106338604221
adiabatic 50 2050 0.5367653177105758
adiabatic 45 2450 0.6186416549285084
adiabatic 50 1950 0.5229791817001802
adiabatic 50 2650 0.6033330891737386
adiabatic 50 2350 0.5730931237010787
adiabatic 45 2550 0.6274998472092131
diabatic 50 350 0.07282933466048304

adiabatic 50 2850 0.6208193332022914
adiabatic 50 3650 0.6753945129530585
adiabatic 50 3750 0.6808927042291395
adiabatic 45 2650 0.6358341906289672
adiabatic 50 1150 0.3672753642064763
adiabatic 50 1050 0.33976077863880494
adiabatic 50 2250 0.5617470202015136
adiabatic 20 250 0.31405756464820356
adiabatic 25 350 0.3298193177011579
adiabatic 25 250 0.2498967610076746
adiabatic 30 350 0.26566925211479747
adiabatic 30 250 0.18375189119645638
adiabatic 35 350 0.20308962333995964
adiabatic 25 450 0.3879831384484548
adiabatic 20 450 0.4258580221550624
adiabatic 35 450 0.2678727209829392
adiabatic 20 550 0.45794656530531247
adiabatic 55 250 0.019131396333299022
adiabatic 25 550 0.4317609411316861
adiabatic 40 350 0.14904552990167982
adiabatic 45 450 0.15855228992683332
adiabatic 65 250 0.005933290841028575
adiabatic 50 450 0.11715725274324401
adiabatic 45 350 0.1057707367310148
adiabatic 70 250 0.0031505250647171114
adiabatic 75 250 0.0016274282911860922
adiabatic 20 750 0.5005869639789493
adiabatic 35 550 0.3223151183541197
adiabatic 60 550 0.09106435228546333
adiabatic 25 650 0.4657549672365886
adiabatic 45 550 0.20800365645008423
adiabatic 65 350 0.020119617795564003
adiabatic 35 850 0.44010518827642775
adiabatic 70 350 0.012426539800825887
adiabatic 50 550 0.16105464850225534
adiabatic 25 850 0.5149413028582557
adiabatic 55 550 0.12223051168277001
adiabatic 40 650 0.3092806361941838
adiabatic 35 950 0.4687328369563697
adiabatic 30 750 0.45760278390247017
adiabatic 20 950 0.5275762759583195
adiabatic 30 850 0.48609866619820247
adiabatic 50 650 0.2026786159643156
adiabatic 65 650 0.0939443329653259
adiabatic 65 550 0.06664909802438382
adiabatic 70 550 0.047932716927694095
adiabatic 70 650 0.07051104918194954
adiabatic 75 550 0.03387952979667262
adiabatic 30 1450 0.5901056245329607
adiabatic 30 2850 0.6796312613374683
adiabatic 25 1150 0.5618744652999367
adiabatic 35 2250 0.6491950758260977
adiabatic 35 3350 0.7051002455852408
adiabatic 35 2850 0.6843612623630063
adiabatic 35 3450 0.7086050174647934
adiabatic 20 4450 0.6186621196464543
adiabatic 40 2350 0.6381460600411573
adiabatic 30 4050 0.7105413063006213
adiabatic 50 1350 0.41579098460484404
adiabatic 30 2450 0.6633345340870487
adiabatic 20 4750 0.6203865957068865
adiabatic 70 750 0.09440537284484125
adiabatic 40 2650 0.6606460980053543
adiabatic 40 2550 0.653630735344609
adiabatic 40 3050 0.6848302246672519
adiabatic 40 2850 0.6734434092660365
adiabatic 40 3550 0.7084326542292958
adiabatic 40 3450 0.7041819606525733
adiabatic 25 4450 0.6797027719141797
adiabatic 35 4150 0.7288375122358149
adiabatic 35 3950 0.7237138152992185
adiabatic 25 1250 0.5732633939157848
adiabatic 50 1850 0.5082202861297072
adiabatic 40 2750 0.6672410525177941
adiabatic 45 2250 0.5991447277558091
adiabatic 60 850 0.18607213143945417
adiabatic 75 750 0.07221433391357296
adiabatic 25 4750 0.6826304696490045
adiabatic 50 3450 0.6636384894229979
adiabatic 40 4150 0.7301077258753322
adiabatic 40 3950 0.7235226487157383
adiabatic 50 3350 0.6573490010014426
adiabatic 50 2950 0.6288868985622628
adiabatic 75 1050 0.13604969498935585
adiabatic 30 4850 0.7231334921781389
adiabatic 50 1550 0.45702703070811057
adiabatic 70 1050 0.16681529153336472
adiabatic 55 1650 0.42779214797763687
adiabatic 55 3450 0.6332095568565913
adiabatic 55 3350 0.6261087547326564
adiabatic 65 850 0.14953187955750868
adiabatic 60 2050 0.44832618686450876
adiabatic 65 2150 0.41900936154020846
adiabatic 60 3550 0.6063230658662351
adiabatic 60 3150 0.5744169373706545
adiabatic 60 350 0.03173958376050288
adiabatic 60 250 0.010834752376450024
adiabatic 60 450 0.05976144090373035
adiabatic 55 750 0.19500852020090645
adiabatic 55 3650 0.6465079213504145
adiabatic 60 1950 0.43284583253997017
adiabatic 60 1850 0.41646202246828284
adiabatic 60 1550 0.36115485996613517
adiabatic 55 4550 0.6946301860797872

adiabatic 60 2250 0.4768344342875089
adiabatic 60 1650 0.3806950017087699
adiabatic 60 2050 0.44832618686450876adiabatic 55 3350 0.6261087547326564

diabatic 40 4550 0.7417162940627747
adiabatic 55 3950 0.6644806178578113
adiabatic 60 2150 0.46296883703620517
adiabatic 55 4650 0.6990383249439893
adiabatic 55 4050 0.6699996176246035
adiabatic 55 4750 0.7033006070625439
adiabatic 55 3750 0.6527497799783644
adiabatic 55 4950 0.711395195011821
adiabatic 55 4850 0.7074176501510024
adiabatic 55 4450 0.690061960381109
adiabatic 55 4150 0.6753082766242251
adiabatic 60 1750 0.39910378244109546
adiabatic 55 4250 0.6804182694378681
adiabatic 45 2050 0.5768589604938148
adiabatic 55 2350 0.5326008037501729
adiabatic 55 2450 0.5443115290615524
adiabatic 55 2550 0.5553714400371856
adiabatic 55 2050 0.4931379984421675
adiabatic 55 2850 0.5852330790402424
adiabatic 55 2150 0.5070754294332909
adiabatic 55 2650 0.5658524749897598
adiabatic 55 3250 0.6186863399211056
adiabatic 55 2250 0.5202081933711745
adiabatic 55 3150 0.6109114547264614
adiabatic 55 2950 0.594208703737206
adiabatic 55 3050 0.6027602981313258
                                                                          adiabatic 55 2750 0.5757909859160658
adiabatic 65 2050 0.40397638205567116
adiabatic 40 4350 0.7361498445383872
adiabatic 60 4050 0.6395237850476987
adiabatic 60 4250 0.6511310007872658
adiabatic 60 4150 0.6454350500244684
adiabatic 40 4450 0.7389889582866531
adiabatic 40 2150 0.620379824357341
adiabatic 40 4650 0.74433830043096
adiabatic 40 4250 0.7331919649532324
adiabatic 45 3350 0.6827009739757098
adiabatic 45 3250 0.6770251165329703
adiabatic 45 3550 0.6932609477453138
adiabatic 45 3450 0.6881062909519068
adiabatic 45 4950 0.7462196611441108
adiabatic 45 4750 0.7403041717043833
adiabatic 45 1650 0.5211466862625257
adiabatic 45 1050 0.3926698139635979
adiabatic 45 4350 0.7271099473169834
adiabatic 45 4450 0.730601541562275
adiabatic 45 2750 0.6436886126651812
adiabatic 45 1850 0.551145207782965
adiabatic 45 1950 0.5644820719234033
adiabatic 65 4550 0.636256276727081
adiabatic 50 850 0.27703612740542627
adiabatic 50 950 0.30976065397723873
adiabatic 45 1550 0.5042246881872556
adiabatic 45 1450 0.4858029021680554
adiabatic 65 4350 0.6248273122449278
adiabatic 65 4950 0.6569702102426794
adiabatic 45 3150 0.6710509996934368
adiabatic 50 250 0.03259017549692218
adiabatic 45 3950 0.7116510713126972
adiabatic 45 3650 0.698178389406234
adiabatic 45 2850 0.6510997091030636
adiabatic 45 4650 0.7371914170491614
adiabatic 45 4550 0.7339595266106826
adiabatic 45 3750 0.7028746889841722
adiabatic 45 3050 0.6647446954668772
adiabatic 45 2950 0.6581075103511123
adiabatic 65 4750 0.6469480207804192
adiabatic 65 2850 0.5062520586089957
adiabatic 50 2150 0.5496683125159557
adiabatic 50 3050 0.6365459316858554
adiabatic 50 2450 0.5837712376675365
adiabatic 50 3950 0.6912172090197288
adiabatic 50 2550 0.593831294701947
adiabatic 50 3150 0.6438205905646407
adiabatic 50 3850 0.6861693811448704
adiabatic 50 1650 0.47536615814492605
adiabatic 50 3550 0.6696478414744913
adiabatic 50 1750 0.49238742465921104
adiabatic 50 3250 0.6507490144774727
adiabatic 45 2350 0.6092106338604221
adiabatic 50 2050 0.5367653177105758
adiabatic 45 2450 0.6186416549285084
adiabatic 50 1950 0.5229791817001802
adiabatic 50 2650 0.6033330891737386
adiabatic 50 2350 0.5730931237010787
adiabatic 45 2550 0.6274998472092131
diabatic 50 350 0.07282933466048304

adiabatic 50 2850 0.6208193332022914
adiabatic 50 3650 0.6753945129530585
adiabatic 50 3750 0.6808927042291395
adiabatic 45 2650 0.6358341906289672
adiabatic 50 1150 0.3672753642064763
adiabatic 50 1050 0.33976077863880494
adiabatic 50 2250 0.5617470202015136
adiabatic 20 250 0.31405756464820356
adiabatic 25 350 0.3298193177011579
adiabatic 25 250 0.2498967610076746
adiabatic 30 350 0.26566925211479747
adiabatic 30 250 0.18375189119645638
adiabatic 35 350 0.20308962333995964
adiabatic 25 450 0.3879831384484548
adiabatic 20 450 0.4258580221550624
adiabatic 35 450 0.2678727209829392
adiabatic 20 550 0.45794656530531247
adiabatic 55 250 0.019131396333299022
adiabatic 25 550 0.4317609411316861
adiabatic 40 350 0.14904552990167982
adiabatic 45 450 0.15855228992683332
adiabatic 65 250 0.005933290841028575
adiabatic 50 450 0.11715725274324401
adiabatic 45 350 0.1057707367310148
adiabatic 70 250 0.0031505250647171114
adiabatic 75 250 0.0016274282911860922
adiabatic 20 750 0.5005869639789493
adiabatic 35 550 0.3223151183541197
adiabatic 60 550 0.09106435228546333
adiabatic 25 650 0.4657549672365886
adiabatic 45 550 0.20800365645008423
adiabatic 65 350 0.020119617795564003
adiabatic 35 850 0.44010518827642775
adiabatic 70 350 0.012426539800825887
adiabatic 50 550 0.16105464850225534
adiabatic 25 850 0.5149413028582557


adiabatic 55 550 0.12223051168277001
adiabatic 40 650 0.3092806361941838

adiabatic 35 950 0.4687328369563697
adiabatic 30 750 0.45760278390247017
adiabatic 20 950 0.5275762759583195
adiabatic 50 650 0.2026786159643156
                                                                                                                adiabatic 65 650 0.0939443329653259
adiabatic 65 550 0.06664909802438382
adiabatic 35 2250 0.6491950758260977
adiabatic 35 3350 0.7051002455852408
adiabatic 35 2850 0.6843612623630063
adiabatic 35 3450 0.7086050174647934
adiabatic 20 4450 0.6186621196464543
adiabatic 40 2350 0.6381460600411573
adiabatic 30 4050 0.7105413063006213
adiabatic 50 1350 0.41579098460484404
adiabatic 30 2450 0.6633345340870487
adiabatic 20 4750 0.6203865957068865
adiabatic 70 750 0.09440537284484125
adiabatic 40 2650 0.6606460980053543
adiabatic 40 2550 0.653630735344609

adiabatic 40 3050 0.6848302246672519
adiabatic 40 2850 0.6734434092660365
adiabatic 40 3550 0.7084326542292958
adiabatic 40 3450 0.7041819606525733
adiabatic 25 4450 0.6797027719141797
adiabatic 35 4150 0.7288375122358149
adiabatic 35 3950 0.7237138152992185
adiabatic 25 1250 0.5732633939157848
adiabatic 50 1850 0.5082202861297072
adiabatic 40 2750 0.6672410525177941
adiabatic 45 2250 0.5991447277558091
adiabatic 60 850 0.18607213143945417
adiabatic 75 750 0.07221433391357296
adiabatic 25 4750 0.6826304696490045
adiabatic 50 3450 0.6636384894229979
adiabatic 40 4150 0.7301077258753322
adiabatic 40 3950 0.7235226487157383
adiabatic 50 3350 0.6573490010014426
adiabatic 50 2950 0.6288868985622628
adiabatic 75 1050 0.13604969498935585
adiabatic 30 4850 0.7231334921781389
adiabatic 50 1550 0.45702703070811057
adiabatic 70 1050 0.16681529153336472
adiabatic 55 1650 0.42779214797763687
adiabatic 55 3450 0.6332095568565913
adiabatic 55 3350 0.6261087547326564
adiabatic 65 850 0.14953187955750868
adiabatic 60 2050 0.44832618686450876
adiabatic 65 2150 0.41900936154020846
adiabatic 60 3550 0.6063230658662351
adiabatic 60 3250 0.582914524345976

adiabatic 50 2750 0.6123126613314266
adiabatic 55 3550 0.640000341625524

adiabatic 20 3750 0.6135981964893883
adiabatic 50 4950 0.7321017241638687
adiabatic 25 3650 0.6696613437990442
adiabatic 40 1250 0.49256614703546786
adiabatic 70 2150 0.37634618537941544
adiabatic 70 2050 0.3612097606952375
adiabatic 35 4750 0.7417925872904566
adiabatic 65 2350 0.44694127008812407
adiabatic 25 3850 0.6725440178850277
adiabatic 70 850 0.11875371699199083
aadiabatic 75 850 0.09324197934725457
adiabatic 35 4250 0.7312309649813633
adiabatic 55 1750 0.4457437433340019
adiabatic 65 1650 0.3355766271003823
adiabatic 70 1850 0.3288160610829556
adiabatic 65 2250 0.4333158109801135
adiabatic 60 1450 0.34039882853781456
adiabatic 70 3350 0.5154488886959825
adiabatic 65 3550 0.5701975567291083
adiabatic 70 3150 0.4967033168746376

adiabatic 70 1650 0.29335861723506973
adiabatic 70 2250 0.39082324720867995
adiabatic 70 2950 0.47644098704771765
adiabatic 60 4950 0.6859098272892192
adiabatic 65 2550 0.4723172006802453
adiabatic 70 3450 0.524283093905882
6
adiabatic 75 3350 0.4770299530466572

adiabatic 75 1750 0.2721172141211571
adiabatic 75 2950 0.43683010506679

adiabatic 75 2850 0.4258270448595926
adiabatic 70 1450 0.2545864308256116
adiabatic 75 3050 0.4474332418892149
adiabatic 75 3450 0.4862155804113851
adiabatic 65 2650 0.4841447394630513
adiabatic 70 3050 0.4867722204421223
adiabatic 75 3250 0.46751542216780595
adiabatic 70 2850 0.46568694887255363
adiabatic 75 3150 0.45765561142235234
adiabatic 70 1750 0.31148738509772084
adiabatic 75 2250 0.3502217826253458
adiabatic 70 3250 0.5062555530080343
adiabatic 75 3750 0.5119383599899527
adiabatic 40 3750 0.716330485738004
adiabatic 40 3850 0.7200089481012842
adiabatic 65 2450 0.45992843620075397
adiabatic 70 2450 0.41793690214709756
adiabatic 75 2450 0.37739958992508943
adiabatic 70 4950 0.6257045060906181
adiabatic 75 2550 0.3902125859490535
adiabatic 70 2550 0.4306389959519776
adiabatic 75 2150 0.33580875998936255
adiabatic 75 1850 0.28898882146450083
adiabatic 50 1450 0.4372236770554603
adiabatic 60 3950 0.6333880274409882
adiabatic 65 3950 0.5994796570451169
adiabatic 70 1350 0.2339054146719917
adiabatic 45 3850 0.7073555142511733
adiabatic 65 4150 0.612599670959561
adiabatic 20 4950 0.6214227736169202
adiabatic 75 4950 0.5930614335421632
adiabatic 70 3950 0.5639066803533446
adiabatic 70 4150 0.5779205852707124
adiabatic 70 4050 0.5710320217744058
diabatic 50 4550 0.7175635182626691
adiabatic 50 4750 0.7251092601987883
adiabatic 75 2650 0.40253978293816794
adiabatic 55 3850 0.6587350452399974
adiabatic 50 1250 0.3925436004735108
adiabatic 75 4050 0.5351509334520977
adiabatic 75 3950 0.5276744603132056
adiabatic 75 4150 0.5424047878102185
adiabatic 65 3650 0.5779388909328774
adiabatic 70 3650 0.5409973925353988
adiabatic 65 3850 0.5925570814308508
adiabatic 65 3750 0.5853818941877296
adiabatic 55 1250 0.3423062918718857
adiabatic 25 4950 0.684392437811809
adiabatic 70 950 0.14300521693010762
adiabatic 75 3550 0.4950878102774113
adiabatic 75 3650 0.503661315750271
adiabatic 70 3850 0.5565328931065118
adiabatic 70 3750 0.5489033185120294
adiabatic 60 1250 0.2948954635998582
adiabatic 55 4350 0.6853268162603339
adiabatic 75 3850 0.5199432063802804
adiabatic 60 4450 0.6619403212683711
adiabatic 75 950 0.11465113365457649
adiabatic 65 4650 0.641692482321531
adiabatic 65 1250 0.2514130851424479
adiabatic 65 1150 0.22757449903861818
adiabatic 65 4450 0.6306452262534475
adiabatic 70 4350 0.5910066277979856
adiabatic 70 4650 0.6091710243962658
adiabatic 70 4550 0.6033126935573268
adiabatic 65 4250 0.6188280249462058
adiabatic 65 4050 0.6061736486140027
adiabatic 70 4250 0.5845706104126408
adiabatic 70 1150 0.18997393105144442
adiabatic 75 4350 0.556233223954168
adiabatic 70 4450 0.5972715851792171
adiabatic 75 4650 0.5754604757090167
adiabatic 75 4550 0.5692333066333335
adiabatic 70 4750 0.6148499216457687
adiabatic 35 4850 0.7436647612026996
adiabatic 75 1150 0.15717684784683322
adiabatic 75 4250 0.5494304347263825
adiabatic 75 4450 0.5628383207618561
adiabatic 75 1550 0.23638460874643688
adiabatic 65 4850 0.6520403358327156
adiabatic 70 4850 0.6203595695864587
adiabatic 75 4850 0.5873612632226085
